2016-02-25 13:06:07,641 INFO: 	(等级调整检查) 用户(10) 待收金额:0.0, 可用金额:0.00, 等级: 普通
2016-02-25 13:06:07,641 INFO: 	(等级上调检查) 用户(10), 可用金额:0.00, 上调要求金额:0.00,  当前等级金额要求:0.00 
2016-02-25 13:06:07,647 INFO: 	(等级调整检查) 用户(11) 待收金额:0.0, 可用金额:0.00, 等级: 普通
2016-02-25 13:06:07,647 INFO: 	(等级上调检查) 用户(11), 可用金额:0.00, 上调要求金额:0.00,  当前等级金额要求:0.00 
2016-02-25 13:06:07,655 INFO: 	(等级调整检查) 用户(12) 待收金额:0.0, 可用金额:0.00, 等级: 普通
2016-02-25 13:06:07,655 INFO: 	(等级上调检查) 用户(12), 可用金额:0.00, 上调要求金额:0.00,  当前等级金额要求:0.00 
2016-02-25 13:06:07,662 INFO: 	(等级调整检查) 用户(13) 待收金额:0.0, 可用金额:0.00, 等级: 普通
2016-02-25 13:06:07,662 INFO: 	(等级上调检查) 用户(13), 可用金额:0.00, 上调要求金额:0.00,  当前等级金额要求:0.00 
2016-02-25 13:06:07,668 INFO: 	(等级调整检查) 用户(29) 待收金额:0.0, 可用金额:0.00, 等级: 普通
2016-02-25 13:06:07,669 INFO: 	(等级上调检查) 用户(29), 可用金额:0.00, 上调要求金额:0.00,  当前等级金额要求:0.00 
2016-02-25 13:06:07,675 INFO: 	(等级调整检查) 用户(30) 待收金额:0.0, 可用金额:0.00, 等级: 普通
2016-02-25 13:06:07,675 INFO: 	(等级上调检查) 用户(30), 可用金额:0.00, 上调要求金额:0.00,  当前等级金额要求:0.00 
2016-02-25 13:06:07,680 INFO: 	(等级调整检查) 用户(33) 待收金额:0.0, 可用金额:8800.10, 等级: 普通
2016-02-25 13:06:07,683 INFO: 	(等级上调检查) 用户(33), 可用金额:8800.10, 上调要求金额:0.00,  当前等级金额要求:0.00 
2016-02-25 13:06:07,689 INFO: 	(等级调整检查) 用户(36) 待收金额:0.0, 可用金额:0.00, 等级: 普通
2016-02-25 13:06:07,689 INFO: 	(等级上调检查) 用户(36), 可用金额:0.00, 上调要求金额:0.00,  当前等级金额要求:0.00 
2016-02-25 13:06:07,694 INFO: 	(等级调整检查) 用户(37) 待收金额:0.0, 可用金额:0.00, 等级: 普通
2016-02-25 13:06:07,695 INFO: 	(等级上调检查) 用户(37), 可用金额:0.00, 上调要求金额:0.00,  当前等级金额要求:0.00 
2016-02-25 13:06:07,702 INFO: 	(等级调整检查) 用户(39) 待收金额:0.0, 可用金额:0.00, 等级: 普通
2016-02-25 13:06:07,704 INFO: 	(等级上调检查) 用户(39), 可用金额:0.00, 上调要求金额:0.00,  当前等级金额要求:0.00 
2016-02-25 13:06:07,717 INFO: 	(等级调整检查) 用户(38) 待收金额:0.0, 可用金额:0.00, 等级: 普通
2016-02-25 13:06:07,718 INFO: 	(等级上调检查) 用户(38), 可用金额:0.00, 上调要求金额:0.00,  当前等级金额要求:0.00 
2016-02-25 13:06:07,770 INFO: 	(等级调整检查) 用户(40) 待收金额:1365.04, 可用金额:999800.00, 等级: 普通
2016-02-25 13:06:07,771 INFO: 	(等级上调检查) 用户(40), 可用金额:999800.00, 上调要求金额:0.00,  当前等级金额要求:0.00 
2016-02-25 13:06:07,843 INFO: 	(等级调整检查) 用户(42) 待收金额:756.03, 可用金额:30000000900.00, 等级: 普通
2016-02-25 13:06:07,844 INFO: 	(等级上调检查) 用户(42), 可用金额:30000000900.00, 上调要求金额:0.00,  当前等级金额要求:0.00 
2016-02-25 13:06:07,921 INFO: 	(等级调整检查) 用户(34) 待收金额:0.0, 可用金额:901.47, 等级: 普通
2016-02-25 13:06:07,922 INFO: 	(等级上调检查) 用户(34), 可用金额:901.47, 上调要求金额:0.00,  当前等级金额要求:0.00 
2016-02-25 13:06:07,926 INFO: 	(等级调整检查) 用户(31) 待收金额:0.0, 可用金额:0.00, 等级: 普通
2016-02-25 13:06:07,927 INFO: 	(等级上调检查) 用户(31), 可用金额:0.00, 上调要求金额:0.00,  当前等级金额要求:0.00 
2016-02-25 13:06:07,931 INFO: 	(等级调整检查) 用户(32) 待收金额:0.0, 可用金额:0.00, 等级: 普通
2016-02-25 13:06:07,932 INFO: 	(等级上调检查) 用户(32), 可用金额:0.00, 上调要求金额:0.00,  当前等级金额要求:0.00 
2016-02-25 13:06:07,974 INFO: 	(等级调整检查) 用户(43) 待收金额:33699.51, 可用金额:369301.80, 等级: 普通
2016-02-25 13:06:07,975 INFO: 	(等级上调检查) 用户(43), 可用金额:369301.80, 上调要求金额:0.00,  当前等级金额要求:250000.00 
2016-02-25 13:06:07,975 INFO: 	(等级下调检查) 用户(43), 可用金额:369301.80, 下调要求金额:0.00  
2016-02-25 13:08:05,874 INFO: 	(等级调整检查) 用户(10) 待收金额:0.0, 可用金额:0.00, 等级: 普通
2016-02-25 13:08:05,875 INFO: 	(等级上调检查) 用户(10), 可用金额:0.00, 上调要求金额:0.00,  当前等级金额要求:0.00 
2016-02-25 13:08:05,882 INFO: 	(等级调整检查) 用户(11) 待收金额:0.0, 可用金额:0.00, 等级: 普通
2016-02-25 13:08:05,883 INFO: 	(等级上调检查) 用户(11), 可用金额:0.00, 上调要求金额:0.00,  当前等级金额要求:0.00 
2016-02-25 13:08:05,897 INFO: 	(等级调整检查) 用户(12) 待收金额:0.0, 可用金额:0.00, 等级: 普通
2016-02-25 13:08:05,898 INFO: 	(等级上调检查) 用户(12), 可用金额:0.00, 上调要求金额:0.00,  当前等级金额要求:0.00 
2016-02-25 13:08:05,911 INFO: 	(等级调整检查) 用户(13) 待收金额:0.0, 可用金额:0.00, 等级: 普通
2016-02-25 13:08:05,920 INFO: 	(等级上调检查) 用户(13), 可用金额:0.00, 上调要求金额:0.00,  当前等级金额要求:0.00 
2016-02-25 13:08:05,928 INFO: 	(等级调整检查) 用户(29) 待收金额:0.0, 可用金额:0.00, 等级: 普通
2016-02-25 13:08:05,930 INFO: 	(等级上调检查) 用户(29), 可用金额:0.00, 上调要求金额:0.00,  当前等级金额要求:0.00 
2016-02-25 13:08:05,936 INFO: 	(等级调整检查) 用户(30) 待收金额:0.0, 可用金额:0.00, 等级: 普通
2016-02-25 13:08:05,936 INFO: 	(等级上调检查) 用户(30), 可用金额:0.00, 上调要求金额:0.00,  当前等级金额要求:0.00 
2016-02-25 13:08:05,941 INFO: 	(等级调整检查) 用户(33) 待收金额:0.0, 可用金额:8800.10, 等级: 普通
2016-02-25 13:08:05,941 INFO: 	(等级上调检查) 用户(33), 可用金额:8800.10, 上调要求金额:0.00,  当前等级金额要求:0.00 
2016-02-25 13:08:05,946 INFO: 	(等级调整检查) 用户(36) 待收金额:0.0, 可用金额:0.00, 等级: 普通
2016-02-25 13:08:05,947 INFO: 	(等级上调检查) 用户(36), 可用金额:0.00, 上调要求金额:0.00,  当前等级金额要求:0.00 
2016-02-25 13:08:05,958 INFO: 	(等级调整检查) 用户(37) 待收金额:0.0, 可用金额:0.00, 等级: 普通
2016-02-25 13:08:05,958 INFO: 	(等级上调检查) 用户(37), 可用金额:0.00, 上调要求金额:0.00,  当前等级金额要求:0.00 
2016-02-25 13:08:05,963 INFO: 	(等级调整检查) 用户(39) 待收金额:0.0, 可用金额:0.00, 等级: 普通
2016-02-25 13:08:05,965 INFO: 	(等级上调检查) 用户(39), 可用金额:0.00, 上调要求金额:0.00,  当前等级金额要求:0.00 
2016-02-25 13:08:05,971 INFO: 	(等级调整检查) 用户(38) 待收金额:0.0, 可用金额:0.00, 等级: 普通
2016-02-25 13:08:05,971 INFO: 	(等级上调检查) 用户(38), 可用金额:0.00, 上调要求金额:0.00,  当前等级金额要求:0.00 
2016-02-25 13:08:06,022 INFO: 	(等级调整检查) 用户(40) 待收金额:1365.04, 可用金额:999800.00, 等级: 普通
2016-02-25 13:08:06,022 INFO: 	(等级上调检查) 用户(40), 可用金额:999800.00, 上调要求金额:0.00,  当前等级金额要求:0.00 
2016-02-25 13:08:06,079 INFO: 	(等级调整检查) 用户(42) 待收金额:756.03, 可用金额:30000000900.00, 等级: 普通
2016-02-25 13:08:06,080 INFO: 	(等级上调检查) 用户(42), 可用金额:30000000900.00, 上调要求金额:0.00,  当前等级金额要求:0.00 
2016-02-25 13:08:06,155 INFO: 	(等级调整检查) 用户(34) 待收金额:0.0, 可用金额:901.47, 等级: 普通
2016-02-25 13:08:06,156 INFO: 	(等级上调检查) 用户(34), 可用金额:901.47, 上调要求金额:0.00,  当前等级金额要求:0.00 
2016-02-25 13:08:06,161 INFO: 	(等级调整检查) 用户(31) 待收金额:0.0, 可用金额:0.00, 等级: 普通
2016-02-25 13:08:06,162 INFO: 	(等级上调检查) 用户(31), 可用金额:0.00, 上调要求金额:0.00,  当前等级金额要求:0.00 
2016-02-25 13:08:06,167 INFO: 	(等级调整检查) 用户(32) 待收金额:0.0, 可用金额:0.00, 等级: 普通
2016-02-25 13:08:06,170 INFO: 	(等级上调检查) 用户(32), 可用金额:0.00, 上调要求金额:0.00,  当前等级金额要求:0.00 
2016-02-25 13:08:06,223 INFO: 	(等级调整检查) 用户(43) 待收金额:33699.51, 可用金额:369301.80, 等级: 普通
2016-02-25 13:08:06,224 INFO: 	(等级上调检查) 用户(43), 可用金额:369301.80, 上调要求金额:0.00,  当前等级金额要求:250000.00 
2016-02-25 13:08:06,224 INFO: 	(等级下调检查) 用户(43), 可用金额:369301.80, 下调要求金额:0.00  
2016-02-25 13:08:10,755 INFO: 	(等级调整检查) 用户(10) 待收金额:0.0, 可用金额:0.00, 等级: 普通
2016-02-25 13:08:10,756 INFO: 	(等级上调检查) 用户(10), 可用金额:0.00, 上调要求金额:0.00,  当前等级金额要求:0.00 
2016-02-25 13:08:10,761 INFO: 	(等级调整检查) 用户(11) 待收金额:0.0, 可用金额:0.00, 等级: 普通
2016-02-25 13:08:10,762 INFO: 	(等级上调检查) 用户(11), 可用金额:0.00, 上调要求金额:0.00,  当前等级金额要求:0.00 
2016-02-25 13:08:10,766 INFO: 	(等级调整检查) 用户(12) 待收金额:0.0, 可用金额:0.00, 等级: 普通
2016-02-25 13:08:10,769 INFO: 	(等级上调检查) 用户(12), 可用金额:0.00, 上调要求金额:0.00,  当前等级金额要求:0.00 
2016-02-25 13:08:10,776 INFO: 	(等级调整检查) 用户(13) 待收金额:0.0, 可用金额:0.00, 等级: 普通
2016-02-25 13:08:10,776 INFO: 	(等级上调检查) 用户(13), 可用金额:0.00, 上调要求金额:0.00,  当前等级金额要求:0.00 
2016-02-25 13:08:10,782 INFO: 	(等级调整检查) 用户(29) 待收金额:0.0, 可用金额:0.00, 等级: 普通
2016-02-25 13:08:10,789 INFO: 	(等级上调检查) 用户(29), 可用金额:0.00, 上调要求金额:0.00,  当前等级金额要求:0.00 
2016-02-25 13:08:10,796 INFO: 	(等级调整检查) 用户(30) 待收金额:0.0, 可用金额:0.00, 等级: 普通
2016-02-25 13:08:10,797 INFO: 	(等级上调检查) 用户(30), 可用金额:0.00, 上调要求金额:0.00,  当前等级金额要求:0.00 
2016-02-25 13:08:10,801 INFO: 	(等级调整检查) 用户(33) 待收金额:0.0, 可用金额:8800.10, 等级: 普通
2016-02-25 13:08:10,802 INFO: 	(等级上调检查) 用户(33), 可用金额:8800.10, 上调要求金额:0.00,  当前等级金额要求:0.00 
2016-02-25 13:08:10,810 INFO: 	(等级调整检查) 用户(36) 待收金额:0.0, 可用金额:0.00, 等级: 普通
2016-02-25 13:08:10,813 INFO: 	(等级上调检查) 用户(36), 可用金额:0.00, 上调要求金额:0.00,  当前等级金额要求:0.00 
2016-02-25 13:08:10,817 INFO: 	(等级调整检查) 用户(37) 待收金额:0.0, 可用金额:0.00, 等级: 普通
2016-02-25 13:08:10,818 INFO: 	(等级上调检查) 用户(37), 可用金额:0.00, 上调要求金额:0.00,  当前等级金额要求:0.00 
2016-02-25 13:08:10,829 INFO: 	(等级调整检查) 用户(39) 待收金额:0.0, 可用金额:0.00, 等级: 普通
2016-02-25 13:08:10,830 INFO: 	(等级上调检查) 用户(39), 可用金额:0.00, 上调要求金额:0.00,  当前等级金额要求:0.00 
2016-02-25 13:08:10,835 INFO: 	(等级调整检查) 用户(38) 待收金额:0.0, 可用金额:0.00, 等级: 普通
2016-02-25 13:08:10,836 INFO: 	(等级上调检查) 用户(38), 可用金额:0.00, 上调要求金额:0.00,  当前等级金额要求:0.00 
2016-02-25 13:08:10,884 INFO: 	(等级调整检查) 用户(40) 待收金额:1365.04, 可用金额:999800.00, 等级: 普通
2016-02-25 13:08:10,885 INFO: 	(等级上调检查) 用户(40), 可用金额:999800.00, 上调要求金额:0.00,  当前等级金额要求:0.00 
2016-02-25 13:08:10,962 INFO: 	(等级调整检查) 用户(42) 待收金额:756.03, 可用金额:30000000900.00, 等级: 普通
2016-02-25 13:08:10,963 INFO: 	(等级上调检查) 用户(42), 可用金额:30000000900.00, 上调要求金额:0.00,  当前等级金额要求:0.00 
2016-02-25 13:08:11,068 INFO: 	(等级调整检查) 用户(34) 待收金额:0.0, 可用金额:901.47, 等级: 普通
2016-02-25 13:08:11,069 INFO: 	(等级上调检查) 用户(34), 可用金额:901.47, 上调要求金额:0.00,  当前等级金额要求:0.00 
2016-02-25 13:08:11,075 INFO: 	(等级调整检查) 用户(31) 待收金额:0.0, 可用金额:0.00, 等级: 普通
2016-02-25 13:08:11,076 INFO: 	(等级上调检查) 用户(31), 可用金额:0.00, 上调要求金额:0.00,  当前等级金额要求:0.00 
2016-02-25 13:08:11,094 INFO: 	(等级调整检查) 用户(32) 待收金额:0.0, 可用金额:0.00, 等级: 普通
2016-02-25 13:08:11,101 INFO: 	(等级上调检查) 用户(32), 可用金额:0.00, 上调要求金额:0.00,  当前等级金额要求:0.00 
2016-02-25 13:08:11,189 INFO: 	(等级调整检查) 用户(43) 待收金额:33699.51, 可用金额:369301.80, 等级: 普通
2016-02-25 13:08:11,193 INFO: 	(等级上调检查) 用户(43), 可用金额:369301.80, 上调要求金额:0.00,  当前等级金额要求:250000.00 
2016-02-25 13:08:11,194 INFO: 	(等级下调检查) 用户(43), 可用金额:369301.80, 下调要求金额:0.00  
2016-02-25 13:13:11,066 INFO: 	(等级调整检查) 用户(10) 待收金额:0.0, 可用金额:0.00, 等级: 普通
2016-02-25 13:13:11,073 INFO: 	(等级上调检查) 用户(10), 可用金额:0.00, 上调要求金额:0.00,  当前等级金额要求:0.00 
2016-02-25 13:13:11,084 INFO: 	(等级调整检查) 用户(11) 待收金额:0.0, 可用金额:0.00, 等级: 普通
2016-02-25 13:13:11,085 INFO: 	(等级上调检查) 用户(11), 可用金额:0.00, 上调要求金额:0.00,  当前等级金额要求:0.00 
2016-02-25 13:13:11,101 INFO: 	(等级调整检查) 用户(12) 待收金额:0.0, 可用金额:0.00, 等级: 普通
2016-02-25 13:13:11,102 INFO: 	(等级上调检查) 用户(12), 可用金额:0.00, 上调要求金额:0.00,  当前等级金额要求:0.00 
2016-02-25 13:13:11,109 INFO: 	(等级调整检查) 用户(13) 待收金额:0.0, 可用金额:0.00, 等级: 普通
2016-02-25 13:13:11,113 INFO: 	(等级上调检查) 用户(13), 可用金额:0.00, 上调要求金额:0.00,  当前等级金额要求:0.00 
2016-02-25 13:13:11,118 INFO: 	(等级调整检查) 用户(29) 待收金额:0.0, 可用金额:0.00, 等级: 普通
2016-02-25 13:13:11,119 INFO: 	(等级上调检查) 用户(29), 可用金额:0.00, 上调要求金额:0.00,  当前等级金额要求:0.00 
2016-02-25 13:13:11,146 INFO: 	(等级调整检查) 用户(30) 待收金额:0.0, 可用金额:0.00, 等级: 普通
2016-02-25 13:13:11,146 INFO: 	(等级上调检查) 用户(30), 可用金额:0.00, 上调要求金额:0.00,  当前等级金额要求:0.00 
2016-02-25 13:13:11,152 INFO: 	(等级调整检查) 用户(33) 待收金额:0.0, 可用金额:8800.10, 等级: 普通
2016-02-25 13:13:11,156 INFO: 	(等级上调检查) 用户(33), 可用金额:8800.10, 上调要求金额:0.00,  当前等级金额要求:0.00 
2016-02-25 13:13:11,169 INFO: 	(等级调整检查) 用户(36) 待收金额:0.0, 可用金额:0.00, 等级: 普通
2016-02-25 13:13:11,176 INFO: 	(等级上调检查) 用户(36), 可用金额:0.00, 上调要求金额:0.00,  当前等级金额要求:0.00 
2016-02-25 13:13:11,180 INFO: 	(等级调整检查) 用户(37) 待收金额:0.0, 可用金额:0.00, 等级: 普通
2016-02-25 13:13:11,181 INFO: 	(等级上调检查) 用户(37), 可用金额:0.00, 上调要求金额:0.00,  当前等级金额要求:0.00 
2016-02-25 13:13:11,198 INFO: 	(等级调整检查) 用户(39) 待收金额:0.0, 可用金额:0.00, 等级: 普通
2016-02-25 13:13:11,201 INFO: 	(等级上调检查) 用户(39), 可用金额:0.00, 上调要求金额:0.00,  当前等级金额要求:0.00 
2016-02-25 13:13:11,208 INFO: 	(等级调整检查) 用户(38) 待收金额:0.0, 可用金额:0.00, 等级: 普通
2016-02-25 13:13:11,214 INFO: 	(等级上调检查) 用户(38), 可用金额:0.00, 上调要求金额:0.00,  当前等级金额要求:0.00 
2016-02-25 13:13:11,313 INFO: 	(等级调整检查) 用户(40) 待收金额:1365.04, 可用金额:999800.00, 等级: VIP
2016-02-25 13:13:11,317 INFO: 	(等级上调检查) 用户(40), 可用金额:999800.00, 上调要求金额:300.00,  当前等级金额要求:0.00 
2016-02-25 13:13:16,057 INFO: 	(等级调整检查) 用户(42) 待收金额:756.03, 可用金额:30000000900.00, 等级: VIP
2016-02-25 13:13:16,058 INFO: 	(等级上调检查) 用户(42), 可用金额:30000000900.00, 上调要求金额:300.00,  当前等级金额要求:0.00 
2016-02-25 13:13:16,527 INFO: 	(等级调整检查) 用户(34) 待收金额:0.0, 可用金额:901.47, 等级: 普通
2016-02-25 13:13:16,539 INFO: 	(等级上调检查) 用户(34), 可用金额:901.47, 上调要求金额:0.00,  当前等级金额要求:0.00 
2016-02-25 13:13:16,551 INFO: 	(等级调整检查) 用户(31) 待收金额:0.0, 可用金额:0.00, 等级: 普通
2016-02-25 13:13:16,552 INFO: 	(等级上调检查) 用户(31), 可用金额:0.00, 上调要求金额:0.00,  当前等级金额要求:0.00 
2016-02-25 13:13:16,562 INFO: 	(等级调整检查) 用户(32) 待收金额:0.0, 可用金额:0.00, 等级: 普通
2016-02-25 13:13:16,570 INFO: 	(等级上调检查) 用户(32), 可用金额:0.00, 上调要求金额:0.00,  当前等级金额要求:0.00 
2016-02-25 13:13:16,678 INFO: 	(等级调整检查) 用户(43) 待收金额:33699.51, 可用金额:369301.80, 等级: VIP
2016-02-25 13:13:16,678 INFO: 	(等级上调检查) 用户(43), 可用金额:369301.80, 上调要求金额:300.00,  当前等级金额要求:300.00 
2016-02-29 09:37:49,476 INFO: [Investment Transferring Post] User(id: 40): xxguo2, investment_id: 164 
2016-02-29 09:37:49,537 INFO: [Investment Transferring Post Success] User(id: 40): xxguo2, investment_id: 164
2016-02-29 09:38:52,487 INFO: [Investment Transferring Post] User(id: 40): xxguo2, investment_id: 163 
2016-02-29 09:39:14,186 INFO: [Investment Transferring Post] User(id: 40): xxguo2, investment_id: 163 
2016-02-29 10:38:33,750 INFO: [债权转让] investment: 164, to_user: 43; 开始.
2016-02-29 10:38:33,759 INFO: [债权转让] investment: 164, to_user: 43; executing_plans: [<Plan "2016-03-24 17:24:59.493388">, <Plan "2016-04-24 17:24:59.493388">, <Plan "2016-05-24 17:24:59.493388">], remain_periods_capital: 100.00, last_plan_time: 2016-02-24, current_interest: 0.287931034482758661, total_interest: 1.382068965517241339, current: 阿斯顿
2016-02-29 10:38:33,760 INFO: [债权转让] investment: 164, to_user: 43; 首次债权转让
2016-02-29 10:38:33,768 INFO: [债权转让] investment: 164, to_user: 43; 本项目还款方法是capital_final
2016-02-29 10:38:33,769 INFO: [债权转让] investment: 164, to_user: 43; fixed_amount: 0.
2016-02-29 10:38:33,779 INFO: [FlowTender - capital_change] 计算回款续投奖励开始：User(43):active_amount:0.00, income_amount:69310.00, deposit_amount:300001.80
2016-02-29 10:38:33,780 INFO: [FlowTender - capital_change] 计算回款续投奖励结束：User(43):active_amount:0.00, income_amount:69210.00, deposit_amount:300001.80
2016-02-29 10:38:33,783 INFO: [债权转让] 结束
2016-02-29 10:41:12,246 INFO: [Investment Transferring Post] User(id: 40): xxguo2, investment_id: 163 
2016-02-29 10:41:12,285 INFO: [Investment Transferring Post Success] User(id: 40): xxguo2, investment_id: 163
2016-02-29 10:41:19,445 INFO: 	(等级调整检查) 用户(10) 待收金额:0.0, 可用金额:0.00, 等级: 普通
2016-02-29 10:41:19,446 INFO: 	(等级上调检查) 用户(10), 可用金额:0.00, 上调要求金额:0.00,  当前等级金额要求:0.00 
2016-02-29 10:41:19,450 INFO: 	(等级调整检查) 用户(11) 待收金额:0.0, 可用金额:0.00, 等级: 普通
2016-02-29 10:41:19,451 INFO: 	(等级上调检查) 用户(11), 可用金额:0.00, 上调要求金额:0.00,  当前等级金额要求:0.00 
2016-02-29 10:41:19,457 INFO: 	(等级调整检查) 用户(12) 待收金额:0.0, 可用金额:0.00, 等级: 普通
2016-02-29 10:41:19,458 INFO: 	(等级上调检查) 用户(12), 可用金额:0.00, 上调要求金额:0.00,  当前等级金额要求:0.00 
2016-02-29 10:41:19,464 INFO: 	(等级调整检查) 用户(13) 待收金额:0.0, 可用金额:0.00, 等级: 普通
2016-02-29 10:41:19,464 INFO: 	(等级上调检查) 用户(13), 可用金额:0.00, 上调要求金额:0.00,  当前等级金额要求:0.00 
2016-02-29 10:41:19,469 INFO: 	(等级调整检查) 用户(29) 待收金额:0.0, 可用金额:0.00, 等级: 普通
2016-02-29 10:41:19,469 INFO: 	(等级上调检查) 用户(29), 可用金额:0.00, 上调要求金额:0.00,  当前等级金额要求:0.00 
2016-02-29 10:41:19,479 INFO: 	(等级调整检查) 用户(30) 待收金额:0.0, 可用金额:0.00, 等级: 普通
2016-02-29 10:41:19,479 INFO: 	(等级上调检查) 用户(30), 可用金额:0.00, 上调要求金额:0.00,  当前等级金额要求:0.00 
2016-02-29 10:41:19,484 INFO: 	(等级调整检查) 用户(33) 待收金额:0.0, 可用金额:8800.10, 等级: 普通
2016-02-29 10:41:19,484 INFO: 	(等级上调检查) 用户(33), 可用金额:8800.10, 上调要求金额:0.00,  当前等级金额要求:0.00 
2016-02-29 10:41:19,489 INFO: 	(等级调整检查) 用户(36) 待收金额:0.0, 可用金额:0.00, 等级: 普通
2016-02-29 10:41:19,490 INFO: 	(等级上调检查) 用户(36), 可用金额:0.00, 上调要求金额:0.00,  当前等级金额要求:0.00 
2016-02-29 10:41:19,494 INFO: 	(等级调整检查) 用户(37) 待收金额:0.0, 可用金额:0.00, 等级: 普通
2016-02-29 10:41:19,495 INFO: 	(等级上调检查) 用户(37), 可用金额:0.00, 上调要求金额:0.00,  当前等级金额要求:0.00 
2016-02-29 10:41:19,499 INFO: 	(等级调整检查) 用户(39) 待收金额:0.0, 可用金额:0.00, 等级: 普通
2016-02-29 10:41:19,500 INFO: 	(等级上调检查) 用户(39), 可用金额:0.00, 上调要求金额:0.00,  当前等级金额要求:0.00 
2016-02-29 10:41:19,505 INFO: 	(等级调整检查) 用户(38) 待收金额:0.0, 可用金额:0.00, 等级: 普通
2016-02-29 10:41:19,505 INFO: 	(等级上调检查) 用户(38), 可用金额:0.00, 上调要求金额:0.00,  当前等级金额要求:0.00 
2016-02-29 10:41:19,604 INFO: 	(等级调整检查) 用户(34) 待收金额:0.0, 可用金额:901.47, 等级: 普通
2016-02-29 10:41:19,604 INFO: 	(等级上调检查) 用户(34), 可用金额:901.47, 上调要求金额:0.00,  当前等级金额要求:0.00 
2016-02-29 10:41:19,609 INFO: 	(等级调整检查) 用户(31) 待收金额:0.0, 可用金额:0.00, 等级: 普通
2016-02-29 10:41:19,610 INFO: 	(等级上调检查) 用户(31), 可用金额:0.00, 上调要求金额:0.00,  当前等级金额要求:0.00 
2016-02-29 10:41:19,614 INFO: 	(等级调整检查) 用户(32) 待收金额:0.0, 可用金额:0.00, 等级: 普通
2016-02-29 10:41:19,616 INFO: 	(等级上调检查) 用户(32), 可用金额:0.00, 上调要求金额:0.00,  当前等级金额要求:0.00 
2016-02-29 10:41:19,662 INFO: 	(等级调整检查) 用户(40) 待收金额:1260.32, 可用金额:20077.50, 等级: 普通
2016-02-29 10:41:19,663 INFO: 	(等级上调检查) 用户(40), 可用金额:20077.50, 上调要求金额:0.00,  当前等级金额要求:250000.00 
2016-02-29 10:41:19,663 INFO: 	(等级下调检查) 用户(40), 可用金额:20077.50, 下调要求金额:0.00  
2016-02-29 10:41:19,747 INFO: 	(等级调整检查) 用户(43) 待收金额:33804.23, 可用金额:369211.80, 等级: 普通
2016-02-29 10:41:19,747 INFO: 	(等级上调检查) 用户(43), 可用金额:369211.80, 上调要求金额:0.00,  当前等级金额要求:250000.00 
2016-02-29 10:41:19,748 INFO: 	(等级下调检查) 用户(43), 可用金额:369211.80, 下调要求金额:0.00  
2016-02-29 10:41:19,839 INFO: 	(等级调整检查) 用户(42) 待收金额:756.03, 可用金额:30000000900.00, 等级: 普通
2016-02-29 10:41:19,844 INFO: 	(等级上调检查) 用户(42), 可用金额:30000000900.00, 上调要求金额:0.00,  当前等级金额要求:250000.00 
2016-02-29 10:41:19,844 INFO: 	(等级下调检查) 用户(42), 可用金额:30000000900.00, 下调要求金额:0.00  
2016-02-29 10:43:05,154 INFO: [债权转让] investment: 163, to_user: 43; 开始.
2016-02-29 10:43:05,162 INFO: [债权转让] investment: 163, to_user: 43; executing_plans: [<Plan "2016-03-24 17:15:35.220472">, <Plan "2016-04-24 17:15:35.220472">, <Plan "2016-05-24 17:15:35.220472">], remain_periods_capital: 100.00, last_plan_time: 2016-02-24, current_interest: 0.287931034482758661, total_interest: 1.382068965517241339, current: 阿斯顿
2016-02-29 10:43:05,163 INFO: [债权转让] investment: 163, to_user: 43; 首次债权转让
2016-02-29 10:43:05,171 INFO: [债权转让] investment: 163, to_user: 43; 本项目还款方法是capital_final
2016-02-29 10:43:05,172 INFO: [债权转让] investment: 163, to_user: 43; fixed_amount: 0.
2016-02-29 10:43:05,180 INFO: [FlowTender - capital_change] 计算回款续投奖励开始：User(43):active_amount:0.00, income_amount:69230.00, deposit_amount:300001.80
2016-02-29 10:43:05,180 INFO: [FlowTender - capital_change] 计算回款续投奖励结束：User(43):active_amount:0.00, income_amount:69130.00, deposit_amount:300001.80
2016-02-29 10:43:05,181 INFO: [债权转让] 结束
2016-02-29 10:44:53,719 INFO: [Investment Transferring Post] User(id: 43): tianwen, investment_id: 172 
2016-02-29 10:45:08,120 INFO: [Investment Transferring Post] User(id: 43): tianwen, investment_id: 158 
2016-02-29 10:45:08,169 INFO: [Investment Transferring Post Success] User(id: 43): tianwen, investment_id: 158
2016-02-29 10:45:37,006 INFO: [债权转让] investment: 158, to_user: 40; 开始.
2016-02-29 10:45:37,016 INFO: [债权转让] investment: 158, to_user: 40; executing_plans: [<Plan "2016-03-24 10:02:21.310953">, <Plan "2016-04-24 10:02:21.310953">, <Plan "2016-05-24 10:02:21.310953">], remain_periods_capital: 1000.00, last_plan_time: 2016-02-24, current_interest: 2.874137931034483161, total_interest: 13.795862068965516839, current: 阿斯顿
2016-02-29 10:45:37,017 INFO: [债权转让] investment: 158, to_user: 40; 首次债权转让
2016-02-29 10:45:37,028 INFO: [债权转让] investment: 158, to_user: 40; 本项目还款方法是capital_final
2016-02-29 10:45:37,030 INFO: [债权转让] investment: 158, to_user: 40; fixed_amount: 0.
2016-02-29 10:45:37,042 INFO: [FlowTender - capital_change] 计算回款续投奖励开始：User(40):active_amount:0.00, income_amount:10.00, deposit_amount:20175.00
2016-02-29 10:45:37,043 INFO: [FlowTender - capital_change] 计算回款续投奖励结束：User(40):active_amount:0.00, income_amount:0.00, deposit_amount:19185.00
2016-02-29 10:45:37,044 INFO: [债权转让] 结束
2016-02-29 13:44:36,207 INFO: [Investment Transferring Post] User(id: 40): xxguo2, investment_id: 173 
2016-02-29 16:38:10,442 INFO: [自动投标开始] 项目(47, 写字楼抵押诚信借款2, 自动投标可投金额:250000.000) 投标的用户列表:[]
2016-02-29 16:38:10,442 INFO: 实际的可投资的用户列表:[]
2016-02-29 16:38:10,443 INFO: [直接投资] 自动投标总额(0) ,项目的最大可投总额(250000.000),  project: 写字楼抵押诚信借款2
2016-03-01 08:49:26,244 INFO: 	(等级调整检查) 用户(10) 待收金额:0.0, 可用金额:0.00, 等级: 普通
2016-03-01 08:49:26,245 INFO: 	(等级上调检查) 用户(10), 可用金额:0.00, 上调要求金额:0.00,  当前等级金额要求:0.00 
2016-03-01 08:49:26,249 INFO: 	(等级调整检查) 用户(11) 待收金额:0.0, 可用金额:0.00, 等级: 普通
2016-03-01 08:49:26,250 INFO: 	(等级上调检查) 用户(11), 可用金额:0.00, 上调要求金额:0.00,  当前等级金额要求:0.00 
2016-03-01 08:49:26,255 INFO: 	(等级调整检查) 用户(12) 待收金额:0.0, 可用金额:0.00, 等级: 普通
2016-03-01 08:49:26,256 INFO: 	(等级上调检查) 用户(12), 可用金额:0.00, 上调要求金额:0.00,  当前等级金额要求:0.00 
2016-03-01 08:49:26,263 INFO: 	(等级调整检查) 用户(13) 待收金额:0.0, 可用金额:0.00, 等级: 普通
2016-03-01 08:49:26,264 INFO: 	(等级上调检查) 用户(13), 可用金额:0.00, 上调要求金额:0.00,  当前等级金额要求:0.00 
2016-03-01 08:49:26,269 INFO: 	(等级调整检查) 用户(29) 待收金额:0.0, 可用金额:0.00, 等级: 普通
2016-03-01 08:49:26,270 INFO: 	(等级上调检查) 用户(29), 可用金额:0.00, 上调要求金额:0.00,  当前等级金额要求:0.00 
2016-03-01 08:49:26,275 INFO: 	(等级调整检查) 用户(30) 待收金额:0.0, 可用金额:0.00, 等级: 普通
2016-03-01 08:49:26,275 INFO: 	(等级上调检查) 用户(30), 可用金额:0.00, 上调要求金额:0.00,  当前等级金额要求:0.00 
2016-03-01 08:49:26,281 INFO: 	(等级调整检查) 用户(33) 待收金额:0.0, 可用金额:8800.10, 等级: 普通
2016-03-01 08:49:26,281 INFO: 	(等级上调检查) 用户(33), 可用金额:8800.10, 上调要求金额:0.00,  当前等级金额要求:0.00 
2016-03-01 08:49:26,286 INFO: 	(等级调整检查) 用户(36) 待收金额:0.0, 可用金额:0.00, 等级: 普通
2016-03-01 08:49:26,287 INFO: 	(等级上调检查) 用户(36), 可用金额:0.00, 上调要求金额:0.00,  当前等级金额要求:0.00 
2016-03-01 08:49:26,291 INFO: 	(等级调整检查) 用户(37) 待收金额:0.0, 可用金额:0.00, 等级: 普通
2016-03-01 08:49:26,292 INFO: 	(等级上调检查) 用户(37), 可用金额:0.00, 上调要求金额:0.00,  当前等级金额要求:0.00 
2016-03-01 08:49:26,297 INFO: 	(等级调整检查) 用户(39) 待收金额:0.0, 可用金额:0.00, 等级: 普通
2016-03-01 08:49:26,297 INFO: 	(等级上调检查) 用户(39), 可用金额:0.00, 上调要求金额:0.00,  当前等级金额要求:0.00 
2016-03-01 08:49:26,302 INFO: 	(等级调整检查) 用户(38) 待收金额:0.0, 可用金额:0.00, 等级: 普通
2016-03-01 08:49:26,304 INFO: 	(等级上调检查) 用户(38), 可用金额:0.00, 上调要求金额:0.00,  当前等级金额要求:0.00 
2016-03-01 08:49:26,365 INFO: 	(等级调整检查) 用户(34) 待收金额:0.0, 可用金额:901.47, 等级: 普通
2016-03-01 08:49:26,366 INFO: 	(等级上调检查) 用户(34), 可用金额:901.47, 上调要求金额:0.00,  当前等级金额要求:0.00 
2016-03-01 08:49:26,370 INFO: 	(等级调整检查) 用户(31) 待收金额:0.0, 可用金额:0.00, 等级: 普通
2016-03-01 08:49:26,371 INFO: 	(等级上调检查) 用户(31), 可用金额:0.00, 上调要求金额:0.00,  当前等级金额要求:0.00 
2016-03-01 08:49:26,375 INFO: 	(等级调整检查) 用户(32) 待收金额:0.0, 可用金额:0.00, 等级: 普通
2016-03-01 08:49:26,376 INFO: 	(等级上调检查) 用户(32), 可用金额:0.00, 上调要求金额:0.00,  当前等级金额要求:0.00 
2016-03-01 08:49:26,418 INFO: 	(等级调整检查) 用户(40) 待收金额:2202.74, 可用金额:19185.00, 等级: 普通
2016-03-01 08:49:26,419 INFO: 	(等级上调检查) 用户(40), 可用金额:19185.00, 上调要求金额:0.00,  当前等级金额要求:250000.00 
2016-03-01 08:49:26,419 INFO: 	(等级下调检查) 用户(40), 可用金额:19185.00, 下调要求金额:0.00  
2016-03-01 08:49:26,472 INFO: 	(等级调整检查) 用户(43) 待收金额:32861.81, 可用金额:370114.80, 等级: 普通
2016-03-01 08:49:26,473 INFO: 	(等级上调检查) 用户(43), 可用金额:370114.80, 上调要求金额:0.00,  当前等级金额要求:250000.00 
2016-03-01 08:49:26,473 INFO: 	(等级下调检查) 用户(43), 可用金额:370114.80, 下调要求金额:0.00  
2016-03-01 08:49:26,525 INFO: 	(等级调整检查) 用户(42) 待收金额:756.03, 可用金额:30000000900.00, 等级: 普通
2016-03-01 08:49:26,526 INFO: 	(等级上调检查) 用户(42), 可用金额:30000000900.00, 上调要求金额:0.00,  当前等级金额要求:250000.00 
2016-03-01 08:49:26,526 INFO: 	(等级下调检查) 用户(42), 可用金额:30000000900.00, 下调要求金额:0.00  
2016-03-01 08:49:27,027 INFO: 	(等级调整检查) 用户(10) 待收金额:0.0, 可用金额:0.00, 等级: 普通
2016-03-01 08:49:27,029 INFO: 	(等级上调检查) 用户(10), 可用金额:0.00, 上调要求金额:0.00,  当前等级金额要求:0.00 
2016-03-01 08:49:27,035 INFO: 	(等级调整检查) 用户(11) 待收金额:0.0, 可用金额:0.00, 等级: 普通
2016-03-01 08:49:27,036 INFO: 	(等级上调检查) 用户(11), 可用金额:0.00, 上调要求金额:0.00,  当前等级金额要求:0.00 
2016-03-01 08:49:27,041 INFO: 	(等级调整检查) 用户(12) 待收金额:0.0, 可用金额:0.00, 等级: 普通
2016-03-01 08:49:27,042 INFO: 	(等级上调检查) 用户(12), 可用金额:0.00, 上调要求金额:0.00,  当前等级金额要求:0.00 
2016-03-01 08:49:27,049 INFO: 	(等级调整检查) 用户(13) 待收金额:0.0, 可用金额:0.00, 等级: 普通
2016-03-01 08:49:27,050 INFO: 	(等级上调检查) 用户(13), 可用金额:0.00, 上调要求金额:0.00,  当前等级金额要求:0.00 
2016-03-01 08:49:27,057 INFO: 	(等级调整检查) 用户(29) 待收金额:0.0, 可用金额:0.00, 等级: 普通
2016-03-01 08:49:27,058 INFO: 	(等级上调检查) 用户(29), 可用金额:0.00, 上调要求金额:0.00,  当前等级金额要求:0.00 
2016-03-01 08:49:27,063 INFO: 	(等级调整检查) 用户(30) 待收金额:0.0, 可用金额:0.00, 等级: 普通
2016-03-01 08:49:27,064 INFO: 	(等级上调检查) 用户(30), 可用金额:0.00, 上调要求金额:0.00,  当前等级金额要求:0.00 
2016-03-01 08:49:27,069 INFO: 	(等级调整检查) 用户(33) 待收金额:0.0, 可用金额:8800.10, 等级: 普通
2016-03-01 08:49:27,070 INFO: 	(等级上调检查) 用户(33), 可用金额:8800.10, 上调要求金额:0.00,  当前等级金额要求:0.00 
2016-03-01 08:49:27,076 INFO: 	(等级调整检查) 用户(36) 待收金额:0.0, 可用金额:0.00, 等级: 普通
2016-03-01 08:49:27,077 INFO: 	(等级上调检查) 用户(36), 可用金额:0.00, 上调要求金额:0.00,  当前等级金额要求:0.00 
2016-03-01 08:49:27,082 INFO: 	(等级调整检查) 用户(37) 待收金额:0.0, 可用金额:0.00, 等级: 普通
2016-03-01 08:49:27,083 INFO: 	(等级上调检查) 用户(37), 可用金额:0.00, 上调要求金额:0.00,  当前等级金额要求:0.00 
2016-03-01 08:49:27,087 INFO: 	(等级调整检查) 用户(39) 待收金额:0.0, 可用金额:0.00, 等级: 普通
2016-03-01 08:49:27,089 INFO: 	(等级上调检查) 用户(39), 可用金额:0.00, 上调要求金额:0.00,  当前等级金额要求:0.00 
2016-03-01 08:49:27,096 INFO: 	(等级调整检查) 用户(38) 待收金额:0.0, 可用金额:0.00, 等级: 普通
2016-03-01 08:49:27,096 INFO: 	(等级上调检查) 用户(38), 可用金额:0.00, 上调要求金额:0.00,  当前等级金额要求:0.00 
2016-03-01 08:49:27,151 INFO: 	(等级调整检查) 用户(34) 待收金额:0.0, 可用金额:901.47, 等级: 普通
2016-03-01 08:49:27,152 INFO: 	(等级上调检查) 用户(34), 可用金额:901.47, 上调要求金额:0.00,  当前等级金额要求:0.00 
2016-03-01 08:49:27,157 INFO: 	(等级调整检查) 用户(31) 待收金额:0.0, 可用金额:0.00, 等级: 普通
2016-03-01 08:49:27,157 INFO: 	(等级上调检查) 用户(31), 可用金额:0.00, 上调要求金额:0.00,  当前等级金额要求:0.00 
2016-03-01 08:49:27,162 INFO: 	(等级调整检查) 用户(32) 待收金额:0.0, 可用金额:0.00, 等级: 普通
2016-03-01 08:49:27,163 INFO: 	(等级上调检查) 用户(32), 可用金额:0.00, 上调要求金额:0.00,  当前等级金额要求:0.00 
2016-03-01 08:49:27,203 INFO: 	(等级调整检查) 用户(40) 待收金额:2202.74, 可用金额:19185.00, 等级: 普通
2016-03-01 08:49:27,203 INFO: 	(等级上调检查) 用户(40), 可用金额:19185.00, 上调要求金额:0.00,  当前等级金额要求:250000.00 
2016-03-01 08:49:27,204 INFO: 	(等级下调检查) 用户(40), 可用金额:19185.00, 下调要求金额:0.00  
2016-03-01 08:49:27,252 INFO: 	(等级调整检查) 用户(43) 待收金额:32861.81, 可用金额:370114.80, 等级: 普通
2016-03-01 08:49:27,253 INFO: 	(等级上调检查) 用户(43), 可用金额:370114.80, 上调要求金额:0.00,  当前等级金额要求:250000.00 
2016-03-01 08:49:27,254 INFO: 	(等级下调检查) 用户(43), 可用金额:370114.80, 下调要求金额:0.00  
2016-03-01 08:49:27,302 INFO: 	(等级调整检查) 用户(42) 待收金额:756.03, 可用金额:30000000900.00, 等级: 普通
2016-03-01 08:49:27,302 INFO: 	(等级上调检查) 用户(42), 可用金额:30000000900.00, 上调要求金额:0.00,  当前等级金额要求:250000.00 
2016-03-01 08:49:27,303 INFO: 	(等级下调检查) 用户(42), 可用金额:30000000900.00, 下调要求金额:0.00  
